# JRE version: Java(TM) SE Runtime Environment (8.0_40-b26) (build 1.8.0_40-b26)
# Java VM: Java HotSpot(TM) 64-Bit Server VM (25.40-b25 mixed mode windows-amd64 compressed oops)
Heap:
 PSYoungGen      total 99840K, used 52037K [0x00000000d5600000, 0x00000000dde80000, 0x0000000100000000)
  eden space 89088K, 52% used [0x00000000d5600000,0x00000000d83b64f0,0x00000000dad00000)
  from space 10752K, 48% used [0x00000000dad00000,0x00000000db21b120,0x00000000db780000)
  to   space 10752K, 0% used [0x00000000dd400000,0x00000000dd400000,0x00000000dde80000)
 ParOldGen       total 57856K, used 11941K [0x0000000080200000, 0x0000000083a80000, 0x00000000d5600000)
  object space 57856K, 20% used [0x0000000080200000,0x0000000080da96a0,0x0000000083a80000)
 Metaspace       used 22475K, capacity 23200K, committed 23344K, reserved 1069056K
  class space    used 2853K, capacity 3029K, committed 3120K, reserved 1048576K
GC Heap History (10 events):
Event: 2.152 GC heap before
{Heap before GC invocations=6 (full 1):
 PSYoungGen      total 38400K, used 4216K [0x00000000d5600000, 0x00000000da600000, 0x0000000100000000)
  eden space 33280K, 0% used [0x00000000d5600000,0x00000000d5600000,0x00000000d7680000)
  from space 5120K, 82% used [0x00000000d7680000,0x00000000d7a9e000,0x00000000d7b80000)
  to   space 7680K, 0% used [0x00000000d9e80000,0x00000000d9e80000,0x00000000da600000)
 ParOldGen       total 87552K, used 9094K [0x0000000080200000, 0x0000000085780000, 0x00000000d5600000)
  object space 87552K, 10% used [0x0000000080200000,0x0000000080ae1b20,0x0000000085780000)
 Metaspace       used 20585K, capacity 21234K, committed 21296K, reserved 1067008K
  class space    used 2661K, capacity 2852K, committed 2864K, reserved 1048576K
Event: 2.170 GC heap after
Heap after GC invocations=6 (full 1):
 PSYoungGen      total 38400K, used 0K [0x00000000d5600000, 0x00000000da600000, 0x0000000100000000)
  eden space 33280K, 0% used [0x00000000d5600000,0x00000000d5600000,0x00000000d7680000)
  from space 5120K, 0% used [0x00000000d7680000,0x00000000d7680000,0x00000000d7b80000)
  to   space 7680K, 0% used [0x00000000d9e80000,0x00000000d9e80000,0x00000000da600000)
 ParOldGen       total 57856K, used 6337K [0x0000000080200000, 0x0000000083a80000, 0x00000000d5600000)
  object space 57856K, 10% used [0x0000000080200000,0x0000000080830550,0x0000000083a80000)
 Metaspace       used 20585K, capacity 21234K, committed 21296K, reserved 1067008K
  class space    used 2661K, capacity 2852K, committed 2864K, reserved 1048576K
}
Event: 2.338 GC heap before
{Heap before GC invocations=7 (full 1):
 PSYoungGen      total 38400K, used 28770K [0x00000000d5600000, 0x00000000da600000, 0x0000000100000000)
  eden space 33280K, 86% used [0x00000000d5600000,0x00000000d7218be8,0x00000000d7680000)
  from space 5120K, 0% used [0x00000000d7680000,0x00000000d7680000,0x00000000d7b80000)
  to   space 7680K, 0% used [0x00000000d9e80000,0x00000000d9e80000,0x00000000da600000)
 ParOldGen       total 57856K, used 6337K [0x0000000080200000, 0x0000000083a80000, 0x00000000d5600000)
  object space 57856K, 10% used [0x0000000080200000,0x0000000080830550,0x0000000083a80000)
 Metaspace       used 21907K, capacity 22568K, committed 22704K, reserved 1069056K
  class space    used 2822K, capacity 2991K, committed 2992K, reserved 1048576K
Event: 2.343 GC heap after
Heap after GC invocations=7 (full 1):
 PSYoungGen      total 62464K, used 7666K [0x00000000d5600000, 0x00000000da600000, 0x0000000100000000)
  eden space 54784K, 0% used [0x00000000d5600000,0x00000000d5600000,0x00000000d8b80000)
  from space 7680K, 99% used [0x00000000d9e80000,0x00000000da5fc860,0x00000000da600000)
  to   space 11776K, 0% used [0x00000000d8f00000,0x00000000d8f00000,0x00000000d9a80000)
 ParOldGen       total 57856K, used 11071K [0x0000000080200000, 0x0000000083a80000, 0x00000000d5600000)
  object space 57856K, 19% used [0x0000000080200000,0x0000000080ccfe58,0x0000000083a80000)
 Metaspace       used 21907K, capacity 22568K, committed 22704K, reserved 1069056K
  class space    used 2822K, capacity 2991K, committed 2992K, reserved 1048576K
}
Event: 2.793 GC heap before
{Heap before GC invocations=8 (full 1):
 PSYoungGen      total 62464K, used 60748K [0x00000000d5600000, 0x00000000da600000, 0x0000000100000000)
  eden space 54784K, 96% used [0x00000000d5600000,0x00000000d89d68b0,0x00000000d8b80000)
  from space 7680K, 99% used [0x00000000d9e80000,0x00000000da5fc860,0x00000000da600000)
  to   space 11776K, 0% used [0x00000000d8f00000,0x00000000d8f00000,0x00000000d9a80000)
 ParOldGen       total 57856K, used 11071K [0x0000000080200000, 0x0000000083a80000, 0x00000000d5600000)
  object space 57856K, 19% used [0x0000000080200000,0x0000000080ccfe58,0x0000000083a80000)
 Metaspace       used 22131K, capacity 22836K, committed 23088K, reserved 1069056K
  class space    used 2828K, capacity 2993K, committed 3120K, reserved 1048576K
Event: 2.797 GC heap after
Heap after GC invocations=8 (full 1):
 PSYoungGen      total 70144K, used 5698K [0x00000000d5600000, 0x00000000dc280000, 0x0000000100000000)
  eden space 58368K, 0% used [0x00000000d5600000,0x00000000d5600000,0x00000000d8f00000)
  from space 11776K, 48% used [0x00000000d8f00000,0x00000000d9490978,0x00000000d9a80000)
  to   space 11264K, 0% used [0x00000000db780000,0x00000000db780000,0x00000000dc280000)
 ParOldGen       total 57856K, used 11079K [0x0000000080200000, 0x0000000083a80000, 0x00000000d5600000)
  object space 57856K, 19% used [0x0000000080200000,0x0000000080cd1e58,0x0000000083a80000)
 Metaspace       used 22131K, capacity 22836K, committed 23088K, reserved 1069056K
  class space    used 2828K, capacity 2993K, committed 3120K, reserved 1048576K
}
Event: 3.187 GC heap before
{Heap before GC invocations=9 (full 1):
 PSYoungGen      total 70144K, used 64066K [0x00000000d5600000, 0x00000000dc280000, 0x0000000100000000)
  eden space 58368K, 100% used [0x00000000d5600000,0x00000000d8f00000,0x00000000d8f00000)
  from space 11776K, 48% used [0x00000000d8f00000,0x00000000d9490978,0x00000000d9a80000)
  to   space 11264K, 0% used [0x00000000db780000,0x00000000db780000,0x00000000dc280000)
 ParOldGen       total 57856K, used 11079K [0x0000000080200000, 0x0000000083a80000, 0x00000000d5600000)
  object space 57856K, 19% used [0x0000000080200000,0x0000000080cd1e58,0x0000000083a80000)
 Metaspace       used 22239K, capacity 22902K, committed 23088K, reserved 1069056K
  class space    used 2834K, capacity 2994K, committed 3120K, reserved 1048576K
Event: 3.190 GC heap after
Heap after GC invocations=9 (full 1):
 PSYoungGen      total 100352K, used 3753K [0x00000000d5600000, 0x00000000dc500000, 0x0000000100000000)
  eden space 89088K, 0% used [0x00000000d5600000,0x00000000d5600000,0x00000000dad00000)
  from space 11264K, 33% used [0x00000000db780000,0x00000000dbb2a728,0x00000000dc280000)
  to   space 10752K, 0% used [0x00000000dad00000,0x00000000dad00000,0x00000000db780000)
 ParOldGen       total 57856K, used 11087K [0x0000000080200000, 0x0000000083a80000, 0x00000000d5600000)
  object space 57856K, 19% used [0x0000000080200000,0x0000000080cd3e58,0x0000000083a80000)
 Metaspace       used 22239K, capacity 22902K, committed 23088K, reserved 1069056K
  class space    used 2834K, capacity 2994K, committed 3120K, reserved 1048576K
}
Event: 3.861 GC heap before
{Heap before GC invocations=10 (full 1):
 PSYoungGen      total 100352K, used 92841K [0x00000000d5600000, 0x00000000dc500000, 0x0000000100000000)
  eden space 89088K, 100% used [0x00000000d5600000,0x00000000dad00000,0x00000000dad00000)
  from space 11264K, 33% used [0x00000000db780000,0x00000000dbb2a728,0x00000000dc280000)
  to   space 10752K, 0% used [0x00000000dad00000,0x00000000dad00000,0x00000000db780000)
 ParOldGen       total 57856K, used 11087K [0x0000000080200000, 0x0000000083a80000, 0x00000000d5600000)
  object space 57856K, 19% used [0x0000000080200000,0x0000000080cd3e58,0x0000000083a80000)
 Metaspace       used 22417K, capacity 23134K, committed 23344K, reserved 1069056K
  class space    used 2847K, capacity 3028K, committed 3120K, reserved 1048576K
Event: 3.865 GC heap after
Heap after GC invocations=10 (full 1):
 PSYoungGen      total 99840K, used 5228K [0x00000000d5600000, 0x00000000dde80000, 0x0000000100000000)
  eden space 89088K, 0% used [0x00000000d5600000,0x00000000d5600000,0x00000000dad00000)
  from space 10752K, 48% used [0x00000000dad00000,0x00000000db21b120,0x00000000db780000)
  to   space 10752K, 0% used [0x00000000dd400000,0x00000000dd400000,0x00000000dde80000)
 ParOldGen       total 57856K, used 11941K [0x0000000080200000, 0x0000000083a80000, 0x00000000d5600000)
  object space 57856K, 20% used [0x0000000080200000,0x0000000080da96a0,0x0000000083a80000)
 Metaspace       used 22417K, capacity 23134K, committed 23344K, reserved 1069056K
  class space    used 2847K, capacity 3028K, committed 3120K, reserved 1048576K
}

