# JRE version: Java(TM) SE Runtime Environment (8.0_40-b26) (build 1.8.0_40-b26)
# Java VM: Java HotSpot(TM) 64-Bit Server VM (25.40-b25 mixed mode windows-amd64 compressed oops)
Heap:
 PSYoungGen      total 208896K, used 19365K [0x00000000d5600000, 0x00000000e2f00000, 0x0000000100000000)
  eden space 201728K, 6% used [0x00000000d5600000,0x00000000d6261e50,0x00000000e1b00000)
  from space 7168K, 93% used [0x00000000e2800000,0x00000000e2e87748,0x00000000e2f00000)
  to   space 8192K, 0% used [0x00000000e1f00000,0x00000000e1f00000,0x00000000e2700000)
 ParOldGen       total 55296K, used 12092K [0x0000000080200000, 0x0000000083800000, 0x00000000d5600000)
  object space 55296K, 21% used [0x0000000080200000,0x0000000080dcf150,0x0000000083800000)
 Metaspace       used 22386K, capacity 23056K, committed 23344K, reserved 1069056K
  class space    used 2854K, capacity 3027K, committed 3120K, reserved 1048576K
GC Heap History (10 events):
Event: 2.092 GC heap before
{Heap before GC invocations=3 (full 0):
 PSYoungGen      total 71680K, used 71618K [0x00000000d5600000, 0x00000000da100000, 0x0000000100000000)
  eden space 66560K, 99% used [0x00000000d5600000,0x00000000d96f1e50,0x00000000d9700000)
  from space 5120K, 99% used [0x00000000d9c00000,0x00000000da0feb30,0x00000000da100000)
  to   space 5120K, 0% used [0x00000000d9700000,0x00000000d9700000,0x00000000d9c00000)
 ParOldGen       total 87552K, used 2809K [0x0000000080200000, 0x0000000085780000, 0x00000000d5600000)
  object space 87552K, 3% used [0x0000000080200000,0x00000000804be4d0,0x0000000085780000)
 Metaspace       used 20245K, capacity 20896K, committed 20992K, reserved 1067008K
  class space    used 2615K, capacity 2785K, committed 2816K, reserved 1048576K
Event: 2.095 GC heap after
Heap after GC invocations=3 (full 0):
 PSYoungGen      total 71680K, used 4353K [0x00000000d5600000, 0x00000000de200000, 0x0000000100000000)
  eden space 66560K, 0% used [0x00000000d5600000,0x00000000d5600000,0x00000000d9700000)
  from space 5120K, 85% used [0x00000000d9700000,0x00000000d9b407f8,0x00000000d9c00000)
  to   space 5120K, 0% used [0x00000000ddd00000,0x00000000ddd00000,0x00000000de200000)
 ParOldGen       total 87552K, used 4912K [0x0000000080200000, 0x0000000085780000, 0x00000000d5600000)
  object space 87552K, 5% used [0x0000000080200000,0x00000000806cc2e0,0x0000000085780000)
 Metaspace       used 20245K, capacity 20896K, committed 20992K, reserved 1067008K
  class space    used 2615K, capacity 2785K, committed 2816K, reserved 1048576K
}
Event: 2.288 GC heap before
{Heap before GC invocations=4 (full 0):
 PSYoungGen      total 71680K, used 25429K [0x00000000d5600000, 0x00000000de200000, 0x0000000100000000)
  eden space 66560K, 31% used [0x00000000d5600000,0x00000000d6a94d40,0x00000000d9700000)
  from space 5120K, 85% used [0x00000000d9700000,0x00000000d9b407f8,0x00000000d9c00000)
  to   space 5120K, 0% used [0x00000000ddd00000,0x00000000ddd00000,0x00000000de200000)
 ParOldGen       total 87552K, used 4912K [0x0000000080200000, 0x0000000085780000, 0x00000000d5600000)
  object space 87552K, 5% used [0x0000000080200000,0x00000000806cc2e0,0x0000000085780000)
 Metaspace       used 20631K, capacity 21222K, committed 21296K, reserved 1067008K
  class space    used 2672K, capacity 2850K, committed 2864K, reserved 1048576K
Event: 2.293 GC heap after
Heap after GC invocations=4 (full 0):
 PSYoungGen      total 138240K, used 4263K [0x00000000d5600000, 0x00000000de200000, 0x0000000100000000)
  eden space 133120K, 0% used [0x00000000d5600000,0x00000000d5600000,0x00000000dd800000)
  from space 5120K, 83% used [0x00000000ddd00000,0x00000000de129ff0,0x00000000de200000)
  to   space 5120K, 0% used [0x00000000dd800000,0x00000000dd800000,0x00000000ddd00000)
 ParOldGen       total 87552K, used 4920K [0x0000000080200000, 0x0000000085780000, 0x00000000d5600000)
  object space 87552K, 5% used [0x0000000080200000,0x00000000806ce2e0,0x0000000085780000)
 Metaspace       used 20631K, capacity 21222K, committed 21296K, reserved 1067008K
  class space    used 2672K, capacity 2850K, committed 2864K, reserved 1048576K
}
Event: 2.293 GC heap before
{Heap before GC invocations=5 (full 1):
 PSYoungGen      total 138240K, used 4263K [0x00000000d5600000, 0x00000000de200000, 0x0000000100000000)
  eden space 133120K, 0% used [0x00000000d5600000,0x00000000d5600000,0x00000000dd800000)
  from space 5120K, 83% used [0x00000000ddd00000,0x00000000de129ff0,0x00000000de200000)
  to   space 5120K, 0% used [0x00000000dd800000,0x00000000dd800000,0x00000000ddd00000)
 ParOldGen       total 87552K, used 4920K [0x0000000080200000, 0x0000000085780000, 0x00000000d5600000)
  object space 87552K, 5% used [0x0000000080200000,0x00000000806ce2e0,0x0000000085780000)
 Metaspace       used 20631K, capacity 21222K, committed 21296K, reserved 1067008K
  class space    used 2672K, capacity 2850K, committed 2864K, reserved 1048576K
Event: 2.316 GC heap after
Heap after GC invocations=5 (full 1):
 PSYoungGen      total 138240K, used 0K [0x00000000d5600000, 0x00000000de200000, 0x0000000100000000)
  eden space 133120K, 0% used [0x00000000d5600000,0x00000000d5600000,0x00000000dd800000)
  from space 5120K, 0% used [0x00000000ddd00000,0x00000000ddd00000,0x00000000de200000)
  to   space 5120K, 0% used [0x00000000dd800000,0x00000000dd800000,0x00000000ddd00000)
 ParOldGen       total 55296K, used 5630K [0x0000000080200000, 0x0000000083800000, 0x00000000d5600000)
  object space 55296K, 10% used [0x0000000080200000,0x000000008077faa8,0x0000000083800000)
 Metaspace       used 20631K, capacity 21222K, committed 21296K, reserved 1067008K
  class space    used 2672K, capacity 2850K, committed 2864K, reserved 1048576K
}
Event: 3.252 GC heap before
{Heap before GC invocations=6 (full 1):
 PSYoungGen      total 138240K, used 131159K [0x00000000d5600000, 0x00000000de200000, 0x0000000100000000)
  eden space 133120K, 98% used [0x00000000d5600000,0x00000000dd615c70,0x00000000dd800000)
  from space 5120K, 0% used [0x00000000ddd00000,0x00000000ddd00000,0x00000000de200000)
  to   space 5120K, 0% used [0x00000000dd800000,0x00000000dd800000,0x00000000ddd00000)
 ParOldGen       total 55296K, used 5630K [0x0000000080200000, 0x0000000083800000, 0x00000000d5600000)
  object space 55296K, 10% used [0x0000000080200000,0x000000008077faa8,0x0000000083800000)
 Metaspace       used 22135K, capacity 22820K, committed 22960K, reserved 1069056K
  class space    used 2834K, capacity 2991K, committed 2992K, reserved 1048576K
Event: 3.256 GC heap after
Heap after GC invocations=6 (full 1):
 PSYoungGen      total 138240K, used 4437K [0x00000000d5600000, 0x00000000e2f80000, 0x0000000100000000)
  eden space 133120K, 0% used [0x00000000d5600000,0x00000000d5600000,0x00000000dd800000)
  from space 5120K, 86% used [0x00000000dd800000,0x00000000ddc55428,0x00000000ddd00000)
  to   space 7680K, 0% used [0x00000000e2800000,0x00000000e2800000,0x00000000e2f80000)
 ParOldGen       total 55296K, used 9829K [0x0000000080200000, 0x0000000083800000, 0x00000000d5600000)
  object space 55296K, 17% used [0x0000000080200000,0x0000000080b996b8,0x0000000083800000)
 Metaspace       used 22135K, capacity 22820K, committed 22960K, reserved 1069056K
  class space    used 2834K, capacity 2991K, committed 2992K, reserved 1048576K
}
Event: 4.156 GC heap before
{Heap before GC invocations=7 (full 1):
 PSYoungGen      total 138240K, used 136435K [0x00000000d5600000, 0x00000000e2f80000, 0x0000000100000000)
  eden space 133120K, 99% used [0x00000000d5600000,0x00000000dd6e7a40,0x00000000dd800000)
  from space 5120K, 86% used [0x00000000dd800000,0x00000000ddc55428,0x00000000ddd00000)
  to   space 7680K, 0% used [0x00000000e2800000,0x00000000e2800000,0x00000000e2f80000)
 ParOldGen       total 55296K, used 9829K [0x0000000080200000, 0x0000000083800000, 0x00000000d5600000)
  object space 55296K, 17% used [0x0000000080200000,0x0000000080b996b8,0x0000000083800000)
 Metaspace       used 22386K, capacity 23056K, committed 23344K, reserved 1069056K
  class space    used 2854K, capacity 3027K, committed 3120K, reserved 1048576K
Event: 4.160 GC heap after
Heap after GC invocations=7 (full 1):
 PSYoungGen      total 208896K, used 6685K [0x00000000d5600000, 0x00000000e2f00000, 0x0000000100000000)
  eden space 201728K, 0% used [0x00000000d5600000,0x00000000d5600000,0x00000000e1b00000)
  from space 7168K, 93% used [0x00000000e2800000,0x00000000e2e87748,0x00000000e2f00000)
  to   space 8192K, 0% used [0x00000000e1f00000,0x00000000e1f00000,0x00000000e2700000)
 ParOldGen       total 55296K, used 12092K [0x0000000080200000, 0x0000000083800000, 0x00000000d5600000)
  object space 55296K, 21% used [0x0000000080200000,0x0000000080dcf150,0x0000000083800000)
 Metaspace       used 22386K, capacity 23056K, committed 23344K, reserved 1069056K
  class space    used 2854K, capacity 3027K, committed 3120K, reserved 1048576K
}

